2020-02-13 17:32:48,418 INFO  [LoggerUtils] ****************************************** 
2020-02-13 17:32:48,418 INFO  [LoggerUtils] Test Case ID: newemp_001 
2020-02-13 17:32:48,418 INFO  [LoggerUtils] ****************************************** 
2020-02-13 17:32:53,282 INFO  [LoggerUtils] Driver Setup 
2020-02-13 17:32:58,084 INFO  [LoggerUtils] User Name: admin 
2020-02-13 17:32:58,157 INFO  [LoggerUtils] Password: password 
2020-02-13 17:33:03,538 INFO  [LoggerUtils] HR Department Menu clicked 
2020-02-13 17:33:04,605 INFO  [LoggerUtils] Employee Menu clicked 
2020-02-13 17:33:05,521 INFO  [LoggerUtils] Add Employee Menu clicked 
2020-02-13 17:33:06,654 INFO  [LoggerUtils] First Name Entered 
2020-02-13 17:33:07,720 INFO  [LoggerUtils] Middle Name Entered 
2020-02-13 17:33:08,860 INFO  [LoggerUtils] Last Name Entered 
2020-02-13 17:33:10,055 INFO  [LoggerUtils] Email-id Entered 
2020-02-13 17:33:11,208 INFO  [LoggerUtils] Aadhaar No entered 
2020-02-13 17:33:12,356 INFO  [LoggerUtils] Pan No entered 
2020-02-13 17:33:22,664 INFO  [LoggerUtils] DOB Date Selected 
2020-02-13 17:33:23,749 INFO  [LoggerUtils] Date of Birth Selected 
2020-02-13 17:33:25,132 INFO  [LoggerUtils] Permanant Address Entered 
2020-02-13 17:33:26,326 INFO  [LoggerUtils] Blood Group Selected 
2020-02-13 17:33:27,460 INFO  [LoggerUtils] Copy above address button clicked 
2020-02-13 17:33:27,460 INFO  [LoggerUtils] Communication Address  Entered 
2020-02-13 17:33:28,620 INFO  [LoggerUtils] Contact Number  Entered 
2020-02-13 17:33:29,769 INFO  [LoggerUtils] Emergency Contact Number Entered 
2020-02-13 17:33:30,895 INFO  [LoggerUtils] Identity Mark  Entered 
2020-02-13 17:33:32,079 INFO  [LoggerUtils] Emergency Contact Relation Selected 
2020-02-13 17:33:37,347 INFO  [LoggerUtils] Personal Details Filed, Next Button Clicked 
2020-02-13 17:33:40,470 INFO  [LoggerUtils] Qualification Details Entered 
2020-02-13 17:33:41,605 INFO  [LoggerUtils] Passing Year Entered 
2020-02-13 17:33:42,711 INFO  [LoggerUtils] University Name Entered 
2020-02-13 17:33:43,815 INFO  [LoggerUtils] Percentage Entered 
2020-02-13 17:33:44,925 INFO  [LoggerUtils] Personal Details Enterd, Next Button Clicked 
2020-02-13 17:33:48,028 INFO  [LoggerUtils] Total Experience  Entered 
2020-02-13 17:33:49,214 INFO  [LoggerUtils] Galentic Email-ID  Entered 
